# JRE version: Java(TM) SE Runtime Environment 18.9 (11.0.17+10) (build 11.0.17+10-LTS-269)
# Java VM: Java HotSpot(TM) 64-Bit Server VM 18.9 (11.0.17+10-LTS-269, mixed mode, tiered, compressed oops, g1 gc, windows-amd64)
Heap:
 garbage-first heap   total 61440K, used 26204K [0x00000000c4c00000, 0x0000000100000000)
  region size 1024K, 24 young (24576K), 4 survivors (4096K)
 Metaspace       used 23246K, capacity 24272K, committed 24368K, reserved 1071104K
  class space    used 2474K, capacity 2938K, committed 2944K, reserved 1048576K
GC Heap History (6 events):
Event: 1.509 GC heap before
{Heap before GC invocations=0 (full 0):
 garbage-first heap   total 61440K, used 14336K [0x00000000c4c00000, 0x0000000100000000)
  region size 1024K, 14 young (14336K), 0 survivors (0K)
 Metaspace       used 12801K, capacity 13078K, committed 13312K, reserved 1060864K
  class space    used 1300K, capacity 1440K, committed 1536K, reserved 1048576K
}
Event: 1.519 GC heap after
{Heap after GC invocations=1 (full 0):
 garbage-first heap   total 61440K, used 3547K [0x00000000c4c00000, 0x0000000100000000)
  region size 1024K, 2 young (2048K), 2 survivors (2048K)
 Metaspace       used 12801K, capacity 13078K, committed 13312K, reserved 1060864K
  class space    used 1300K, capacity 1440K, committed 1536K, reserved 1048576K
}
Event: 2.031 GC heap before
{Heap before GC invocations=1 (full 0):
 garbage-first heap   total 61440K, used 15835K [0x00000000c4c00000, 0x0000000100000000)
  region size 1024K, 14 young (14336K), 2 survivors (2048K)
 Metaspace       used 16703K, capacity 17316K, committed 17408K, reserved 1064960K
  class space    used 1740K, capacity 2017K, committed 2048K, reserved 1048576K
}
Event: 2.037 GC heap after
{Heap after GC invocations=2 (full 0):
 garbage-first heap   total 61440K, used 4785K [0x00000000c4c00000, 0x0000000100000000)
  region size 1024K, 2 young (2048K), 2 survivors (2048K)
 Metaspace       used 16703K, capacity 17316K, committed 17408K, reserved 1064960K
  class space    used 1740K, capacity 2017K, committed 2048K, reserved 1048576K
}
Event: 2.553 GC heap before
{Heap before GC invocations=2 (full 0):
 garbage-first heap   total 61440K, used 20145K [0x00000000c4c00000, 0x0000000100000000)
  region size 1024K, 16 young (16384K), 2 survivors (2048K)
 Metaspace       used 20563K, capacity 21210K, committed 21296K, reserved 1069056K
  class space    used 2106K, capacity 2422K, committed 2432K, reserved 1048576K
}
Event: 2.561 GC heap after
{Heap after GC invocations=3 (full 0):
 garbage-first heap   total 61440K, used 6748K [0x00000000c4c00000, 0x0000000100000000)
  region size 1024K, 4 young (4096K), 4 survivors (4096K)
 Metaspace       used 20563K, capacity 21210K, committed 21296K, reserved 1069056K
  class space    used 2106K, capacity 2422K, committed 2432K, reserved 1048576K
}

